[INFO] Scanning for projects...
[INFO] 
[INFO] ---------------------< com.molla:molla-pos-system >---------------------
[INFO] Building molla-pos-system 0.0.1-SNAPSHOT
[INFO]   from pom.xml
[INFO] --------------------------------[ jar ]---------------------------------
[INFO] 
[INFO] >>> spring-boot:3.5.9:run (default-cli) > test-compile @ molla-pos-system >>>
[INFO] 
[INFO] --- resources:3.3.1:resources (default-resources) @ molla-pos-system ---
[INFO] Copying 1 resource from src/main/resources to target/classes
[INFO] Copying 0 resource from src/main/resources to target/classes
[INFO] 
[INFO] --- compiler:3.14.1:compile (default-compile) @ molla-pos-system ---
[INFO] Nothing to compile - all classes are up to date.
[INFO] 
[INFO] --- resources:3.3.1:testResources (default-testResources) @ molla-pos-system ---
[INFO] skip non existing resourceDirectory /Users/mdkaif/Desktop/POS/molla-pos-system/src/test/resources
[INFO] 
[INFO] --- compiler:3.14.1:testCompile (default-testCompile) @ molla-pos-system ---
[INFO] Nothing to compile - all classes are up to date.
[INFO] 
[INFO] <<< spring-boot:3.5.9:run (default-cli) < test-compile @ molla-pos-system <<<
[INFO] 
[INFO] 
[INFO] --- spring-boot:3.5.9:run (default-cli) @ molla-pos-system ---
[INFO] Attaching agents: []

  .   ____          _            __ _ _
 /\\ / ___'_ __ _ _(_)_ __  __ _ \ \ \ \
( ( )\___ | '_ | '_| | '_ \/ _` | \ \ \ \
 \\/  ___)| |_)| | | | | || (_| |  ) ) ) )
  '  |____| .__|_| |_|_| |_\__, | / / / /
 =========|_|==============|___/=/_/_/_/

 :: Spring Boot ::                (v3.5.9)

2026-01-14T19:30:32.272+05:30  INFO 85397 --- [molla-pos-system] [  restartedMain] com.molla.MollaPosSystemApplication      : Starting MollaPosSystemApplication using Java 17.0.17 with PID 85397 (/Users/mdkaif/Desktop/POS/molla-pos-system/target/classes started by mdkaif in /Users/mdkaif/Desktop/POS/molla-pos-system)
2026-01-14T19:30:32.274+05:30  INFO 85397 --- [molla-pos-system] [  restartedMain] com.molla.MollaPosSystemApplication      : No active profile set, falling back to 1 default profile: "default"
2026-01-14T19:30:32.306+05:30  INFO 85397 --- [molla-pos-system] [  restartedMain] .e.DevToolsPropertyDefaultsPostProcessor : Devtools property defaults active! Set 'spring.devtools.add-properties' to 'false' to disable
2026-01-14T19:30:32.306+05:30  INFO 85397 --- [molla-pos-system] [  restartedMain] .e.DevToolsPropertyDefaultsPostProcessor : For additional web related logging consider setting the 'logging.level.web' property to 'DEBUG'
2026-01-14T19:30:32.857+05:30  INFO 85397 --- [molla-pos-system] [  restartedMain] .s.d.r.c.RepositoryConfigurationDelegate : Bootstrapping Spring Data JPA repositories in DEFAULT mode.
2026-01-14T19:30:32.907+05:30  INFO 85397 --- [molla-pos-system] [  restartedMain] .s.d.r.c.RepositoryConfigurationDelegate : Finished Spring Data repository scanning in 44 ms. Found 10 JPA repository interfaces.
2026-01-14T19:30:33.294+05:30  INFO 85397 --- [molla-pos-system] [  restartedMain] o.s.b.w.embedded.tomcat.TomcatWebServer  : Tomcat initialized with port 5001 (http)
2026-01-14T19:30:33.309+05:30  INFO 85397 --- [molla-pos-system] [  restartedMain] o.apache.catalina.core.StandardService   : Starting service [Tomcat]
2026-01-14T19:30:33.309+05:30  INFO 85397 --- [molla-pos-system] [  restartedMain] o.apache.catalina.core.StandardEngine    : Starting Servlet engine: [Apache Tomcat/10.1.50]
2026-01-14T19:30:33.334+05:30  INFO 85397 --- [molla-pos-system] [  restartedMain] o.a.c.c.C.[Tomcat].[localhost].[/]       : Initializing Spring embedded WebApplicationContext
2026-01-14T19:30:33.335+05:30  INFO 85397 --- [molla-pos-system] [  restartedMain] w.s.c.ServletWebServerApplicationContext : Root WebApplicationContext: initialization completed in 1029 ms
2026-01-14T19:30:33.394+05:30  INFO 85397 --- [molla-pos-system] [  restartedMain] com.molla.configuration.DatabaseConfig   : === Database Configuration Debug ===
2026-01-14T19:30:33.394+05:30  INFO 85397 --- [molla-pos-system] [  restartedMain] com.molla.configuration.DatabaseConfig   : MYSQLDATABASE_URL: NOT SET
2026-01-14T19:30:33.395+05:30  INFO 85397 --- [molla-pos-system] [  restartedMain] com.molla.configuration.DatabaseConfig   : MYSQLHOST: NOT SET
2026-01-14T19:30:33.395+05:30  INFO 85397 --- [molla-pos-system] [  restartedMain] com.molla.configuration.DatabaseConfig   : MYSQLDATABASE: NOT SET
2026-01-14T19:30:33.395+05:30  INFO 85397 --- [molla-pos-system] [  restartedMain] com.molla.configuration.DatabaseConfig   : MYSQLUSER: NOT SET
2026-01-14T19:30:33.395+05:30  INFO 85397 --- [molla-pos-system] [  restartedMain] com.molla.configuration.DatabaseConfig   : Using SPRING_DATASOURCE_URL from environment
2026-01-14T19:30:33.399+05:30  INFO 85397 --- [molla-pos-system] [  restartedMain] com.molla.configuration.DatabaseConfig   : Creating DataSource with URL: jdbc:mysql://interchange.proxy.rlwy.net:18066/railway?useSSL=false&allowPublicKeyRetrieval=true&serverTimezone=UTC
2026-01-14T19:30:33.455+05:30  INFO 85397 --- [molla-pos-system] [  restartedMain] o.hibernate.jpa.internal.util.LogHelper  : HHH000204: Processing PersistenceUnitInfo [name: default]
2026-01-14T19:30:33.491+05:30  INFO 85397 --- [molla-pos-system] [  restartedMain] org.hibernate.Version                    : HHH000412: Hibernate ORM core version 6.6.39.Final
2026-01-14T19:30:33.511+05:30  INFO 85397 --- [molla-pos-system] [  restartedMain] o.h.c.internal.RegionFactoryInitiator    : HHH000026: Second-level cache disabled
2026-01-14T19:30:33.674+05:30  INFO 85397 --- [molla-pos-system] [  restartedMain] o.s.o.j.p.SpringPersistenceUnitInfo      : No LoadTimeWeaver setup: ignoring JPA class transformer
2026-01-14T19:30:33.691+05:30  INFO 85397 --- [molla-pos-system] [  restartedMain] com.zaxxer.hikari.HikariDataSource       : HikariPool-1 - Starting...
2026-01-14T19:30:36.298+05:30  INFO 85397 --- [molla-pos-system] [  restartedMain] com.zaxxer.hikari.pool.HikariPool        : HikariPool-1 - Added connection com.mysql.cj.jdbc.ConnectionImpl@711d7f04
2026-01-14T19:30:36.301+05:30  INFO 85397 --- [molla-pos-system] [  restartedMain] com.zaxxer.hikari.HikariDataSource       : HikariPool-1 - Start completed.
2026-01-14T19:30:36.883+05:30  WARN 85397 --- [molla-pos-system] [  restartedMain] org.hibernate.orm.deprecation            : HHH90000025: MySQLDialect does not need to be specified explicitly using 'hibernate.dialect' (remove the property setting and it will be selected by default)
2026-01-14T19:30:36.899+05:30  INFO 85397 --- [molla-pos-system] [  restartedMain] org.hibernate.orm.connections.pooling    : HHH10001005: Database info:
	Database JDBC URL [Connecting through datasource 'HikariDataSource (HikariPool-1)']
	Database driver: undefined/unknown
	Database version: 9.4
	Autocommit mode: undefined/unknown
	Isolation level: undefined/unknown
	Minimum pool size: undefined/unknown
	Maximum pool size: undefined/unknown
2026-01-14T19:30:37.621+05:30  INFO 85397 --- [molla-pos-system] [  restartedMain] o.h.e.t.j.p.i.JtaPlatformInitiator       : HHH000489: No JTA platform available (set 'hibernate.transaction.jta.platform' to enable JTA platform integration)
2026-01-14T19:30:54.009+05:30  INFO 85397 --- [molla-pos-system] [  restartedMain] j.LocalContainerEntityManagerFactoryBean : Initialized JPA EntityManagerFactory for persistence unit 'default'
2026-01-14T19:30:54.306+05:30  INFO 85397 --- [molla-pos-system] [  restartedMain] o.s.d.j.r.query.QueryEnhancerFactory     : Hibernate is in classpath; If applicable, HQL parser will be used.
2026-01-14T19:30:55.345+05:30  WARN 85397 --- [molla-pos-system] [  restartedMain] JpaBaseConfiguration$JpaWebConfiguration : spring.jpa.open-in-view is enabled by default. Therefore, database queries may be performed during view rendering. Explicitly configure spring.jpa.open-in-view to disable this warning
2026-01-14T19:30:55.376+05:30  INFO 85397 --- [molla-pos-system] [  restartedMain] r$InitializeUserDetailsManagerConfigurer : Global AuthenticationManager configured with UserDetailsService bean with name customUserImplementation
2026-01-14T19:30:55.880+05:30  INFO 85397 --- [molla-pos-system] [  restartedMain] o.s.b.d.a.OptionalLiveReloadServer       : LiveReload server is running on port 35729
2026-01-14T19:30:55.909+05:30  INFO 85397 --- [molla-pos-system] [  restartedMain] o.s.b.w.embedded.tomcat.TomcatWebServer  : Tomcat started on port 5001 (http) with context path '/'
2026-01-14T19:30:55.919+05:30  INFO 85397 --- [molla-pos-system] [  restartedMain] com.molla.MollaPosSystemApplication      : Started MollaPosSystemApplication in 23.883 seconds (process running for 24.141)
2026-01-14T19:32:09.727+05:30  INFO 85397 --- [molla-pos-system] [nio-5001-exec-1] o.a.c.c.C.[Tomcat].[localhost].[/]       : Initializing Spring DispatcherServlet 'dispatcherServlet'
2026-01-14T19:32:09.728+05:30  INFO 85397 --- [molla-pos-system] [nio-5001-exec-1] o.s.web.servlet.DispatcherServlet        : Initializing Servlet 'dispatcherServlet'
2026-01-14T19:32:09.735+05:30  INFO 85397 --- [molla-pos-system] [nio-5001-exec-1] o.s.web.servlet.DispatcherServlet        : Completed initialization in 7 ms
2026-01-14T19:32:09.757+05:30  INFO 85397 --- [molla-pos-system] [nio-5001-exec-1] com.molla.configuration.SecurityConfig   : CORS Configuration - Allowed Origin Patterns: [http://localhost:5173, http://localhost:5174]
2026-01-14T19:32:09.757+05:30  INFO 85397 --- [molla-pos-system] [nio-5001-exec-1] com.molla.configuration.SecurityConfig   : CORS Configuration - Request Origin: null
Hibernate: 
    select
        p1_0.id,
        p1_0.brand,
        p1_0.category_id,
        p1_0.created_at,
        p1_0.description,
        p1_0.image,
        p1_0.mrp,
        p1_0.name,
        p1_0.price,
        p1_0.quantity,
        p1_0.selling_price,
        p1_0.sku,
        p1_0.store_id,
        p1_0.updated_at 
    from
        product p1_0
2026-01-14T19:32:17.559+05:30  INFO 85397 --- [molla-pos-system] [   File Watcher] rtingClassPathChangeChangedEventListener : Restarting due to 1 class path change (0 additions, 0 deletions, 1 modification)
2026-01-14T19:32:17.576+05:30  INFO 85397 --- [molla-pos-system] [       Thread-5] o.s.b.w.e.tomcat.GracefulShutdown        : Commencing graceful shutdown. Waiting for active requests to complete
2026-01-14T19:32:17.584+05:30  INFO 85397 --- [molla-pos-system] [tomcat-shutdown] o.s.b.w.e.tomcat.GracefulShutdown        : Graceful shutdown complete
2026-01-14T19:32:17.592+05:30  INFO 85397 --- [molla-pos-system] [       Thread-5] j.LocalContainerEntityManagerFactoryBean : Closing JPA EntityManagerFactory for persistence unit 'default'
2026-01-14T19:32:17.606+05:30  INFO 85397 --- [molla-pos-system] [       Thread-5] com.zaxxer.hikari.HikariDataSource       : HikariPool-1 - Shutdown initiated...
2026-01-14T19:32:17.621+05:30  INFO 85397 --- [molla-pos-system] [       Thread-5] com.zaxxer.hikari.HikariDataSource       : HikariPool-1 - Shutdown completed.

  .   ____          _            __ _ _
 /\\ / ___'_ __ _ _(_)_ __  __ _ \ \ \ \
( ( )\___ | '_ | '_| | '_ \/ _` | \ \ \ \
 \\/  ___)| |_)| | | | | || (_| |  ) ) ) )
  '  |____| .__|_| |_|_| |_\__, | / / / /
 =========|_|==============|___/=/_/_/_/

 :: Spring Boot ::                (v3.5.9)

2026-01-14T19:32:17.754+05:30  INFO 85397 --- [molla-pos-system] [  restartedMain] com.molla.MollaPosSystemApplication      : Starting MollaPosSystemApplication using Java 17.0.17 with PID 85397 (/Users/mdkaif/Desktop/POS/molla-pos-system/target/classes started by mdkaif in /Users/mdkaif/Desktop/POS/molla-pos-system)
2026-01-14T19:32:17.754+05:30  INFO 85397 --- [molla-pos-system] [  restartedMain] com.molla.MollaPosSystemApplication      : No active profile set, falling back to 1 default profile: "default"
2026-01-14T19:32:17.951+05:30  INFO 85397 --- [molla-pos-system] [  restartedMain] .s.d.r.c.RepositoryConfigurationDelegate : Bootstrapping Spring Data JPA repositories in DEFAULT mode.
2026-01-14T19:32:17.969+05:30  INFO 85397 --- [molla-pos-system] [  restartedMain] .s.d.r.c.RepositoryConfigurationDelegate : Finished Spring Data repository scanning in 17 ms. Found 10 JPA repository interfaces.
2026-01-14T19:32:18.088+05:30  INFO 85397 --- [molla-pos-system] [  restartedMain] o.s.b.w.embedded.tomcat.TomcatWebServer  : Tomcat initialized with port 5001 (http)
2026-01-14T19:32:18.089+05:30  INFO 85397 --- [molla-pos-system] [  restartedMain] o.apache.catalina.core.StandardService   : Starting service [Tomcat]
2026-01-14T19:32:18.089+05:30  INFO 85397 --- [molla-pos-system] [  restartedMain] o.apache.catalina.core.StandardEngine    : Starting Servlet engine: [Apache Tomcat/10.1.50]
2026-01-14T19:32:18.097+05:30  INFO 85397 --- [molla-pos-system] [  restartedMain] o.a.c.c.C.[Tomcat].[localhost].[/]       : Initializing Spring embedded WebApplicationContext
2026-01-14T19:32:18.097+05:30  INFO 85397 --- [molla-pos-system] [  restartedMain] w.s.c.ServletWebServerApplicationContext : Root WebApplicationContext: initialization completed in 342 ms
2026-01-14T19:32:18.123+05:30  INFO 85397 --- [molla-pos-system] [  restartedMain] com.molla.configuration.DatabaseConfig   : === Database Configuration Debug ===
2026-01-14T19:32:18.123+05:30  INFO 85397 --- [molla-pos-system] [  restartedMain] com.molla.configuration.DatabaseConfig   : MYSQLDATABASE_URL: NOT SET
2026-01-14T19:32:18.123+05:30  INFO 85397 --- [molla-pos-system] [  restartedMain] com.molla.configuration.DatabaseConfig   : MYSQLHOST: NOT SET
2026-01-14T19:32:18.123+05:30  INFO 85397 --- [molla-pos-system] [  restartedMain] com.molla.configuration.DatabaseConfig   : MYSQLDATABASE: NOT SET
2026-01-14T19:32:18.123+05:30  INFO 85397 --- [molla-pos-system] [  restartedMain] com.molla.configuration.DatabaseConfig   : MYSQLUSER: NOT SET
2026-01-14T19:32:18.123+05:30  INFO 85397 --- [molla-pos-system] [  restartedMain] com.molla.configuration.DatabaseConfig   : Using SPRING_DATASOURCE_URL from environment
2026-01-14T19:32:18.125+05:30  INFO 85397 --- [molla-pos-system] [  restartedMain] com.molla.configuration.DatabaseConfig   : Creating DataSource with URL: jdbc:mysql://interchange.proxy.rlwy.net:18066/railway?useSSL=false&allowPublicKeyRetrieval=true&serverTimezone=UTC
2026-01-14T19:32:18.139+05:30  INFO 85397 --- [molla-pos-system] [  restartedMain] o.hibernate.jpa.internal.util.LogHelper  : HHH000204: Processing PersistenceUnitInfo [name: default]
2026-01-14T19:32:18.140+05:30  INFO 85397 --- [molla-pos-system] [  restartedMain] o.h.c.internal.RegionFactoryInitiator    : HHH000026: Second-level cache disabled
2026-01-14T19:32:18.146+05:30  INFO 85397 --- [molla-pos-system] [  restartedMain] o.s.o.j.p.SpringPersistenceUnitInfo      : No LoadTimeWeaver setup: ignoring JPA class transformer
2026-01-14T19:32:18.146+05:30  INFO 85397 --- [molla-pos-system] [  restartedMain] com.zaxxer.hikari.HikariDataSource       : HikariPool-2 - Starting...
2026-01-14T19:32:21.620+05:30  INFO 85397 --- [molla-pos-system] [  restartedMain] com.zaxxer.hikari.pool.HikariPool        : HikariPool-2 - Added connection com.mysql.cj.jdbc.ConnectionImpl@354fe8f8
2026-01-14T19:32:21.622+05:30  INFO 85397 --- [molla-pos-system] [  restartedMain] com.zaxxer.hikari.HikariDataSource       : HikariPool-2 - Start completed.
2026-01-14T19:32:21.877+05:30  WARN 85397 --- [molla-pos-system] [  restartedMain] org.hibernate.orm.deprecation            : HHH90000025: MySQLDialect does not need to be specified explicitly using 'hibernate.dialect' (remove the property setting and it will be selected by default)
2026-01-14T19:32:21.878+05:30  INFO 85397 --- [molla-pos-system] [  restartedMain] org.hibernate.orm.connections.pooling    : HHH10001005: Database info:
	Database JDBC URL [Connecting through datasource 'HikariDataSource (HikariPool-2)']
	Database driver: undefined/unknown
	Database version: 9.4
	Autocommit mode: undefined/unknown
	Isolation level: undefined/unknown
	Minimum pool size: undefined/unknown
	Maximum pool size: undefined/unknown
2026-01-14T19:32:22.059+05:30  INFO 85397 --- [molla-pos-system] [  restartedMain] o.h.e.t.j.p.i.JtaPlatformInitiator       : HHH000489: No JTA platform available (set 'hibernate.transaction.jta.platform' to enable JTA platform integration)
2026-01-14T19:32:39.582+05:30  INFO 85397 --- [molla-pos-system] [  restartedMain] j.LocalContainerEntityManagerFactoryBean : Initialized JPA EntityManagerFactory for persistence unit 'default'
2026-01-14T19:32:40.008+05:30  WARN 85397 --- [molla-pos-system] [  restartedMain] JpaBaseConfiguration$JpaWebConfiguration : spring.jpa.open-in-view is enabled by default. Therefore, database queries may be performed during view rendering. Explicitly configure spring.jpa.open-in-view to disable this warning
2026-01-14T19:32:40.022+05:30  INFO 85397 --- [molla-pos-system] [  restartedMain] r$InitializeUserDetailsManagerConfigurer : Global AuthenticationManager configured with UserDetailsService bean with name customUserImplementation
2026-01-14T19:32:40.231+05:30  INFO 85397 --- [molla-pos-system] [  restartedMain] o.s.b.d.a.OptionalLiveReloadServer       : LiveReload server is running on port 35729
2026-01-14T19:32:40.246+05:30  INFO 85397 --- [molla-pos-system] [  restartedMain] o.s.b.w.embedded.tomcat.TomcatWebServer  : Tomcat started on port 5001 (http) with context path '/'
2026-01-14T19:32:40.252+05:30  INFO 85397 --- [molla-pos-system] [  restartedMain] com.molla.MollaPosSystemApplication      : Started MollaPosSystemApplication in 22.512 seconds (process running for 128.472)
2026-01-14T19:32:40.255+05:30  INFO 85397 --- [molla-pos-system] [  restartedMain] .ConditionEvaluationDeltaLoggingListener : Condition evaluation unchanged
2026-01-14T19:33:03.531+05:30  INFO 85397 --- [molla-pos-system] [nio-5001-exec-1] o.a.c.c.C.[Tomcat].[localhost].[/]       : Initializing Spring DispatcherServlet 'dispatcherServlet'
2026-01-14T19:33:03.533+05:30  INFO 85397 --- [molla-pos-system] [nio-5001-exec-1] o.s.web.servlet.DispatcherServlet        : Initializing Servlet 'dispatcherServlet'
2026-01-14T19:33:03.542+05:30  INFO 85397 --- [molla-pos-system] [nio-5001-exec-1] o.s.web.servlet.DispatcherServlet        : Completed initialization in 9 ms
2026-01-14T19:33:03.563+05:30  INFO 85397 --- [molla-pos-system] [nio-5001-exec-1] com.molla.configuration.SecurityConfig   : CORS Configuration - Allowed Origin Patterns: [http://localhost:5173, http://localhost:5174]
2026-01-14T19:33:03.563+05:30  INFO 85397 --- [molla-pos-system] [nio-5001-exec-1] com.molla.configuration.SecurityConfig   : CORS Configuration - Request Origin: http://localhost:5173
2026-01-14T19:33:03.596+05:30  INFO 85397 --- [molla-pos-system] [nio-5001-exec-2] com.molla.configuration.SecurityConfig   : CORS Configuration - Allowed Origin Patterns: [http://localhost:5173, http://localhost:5174]
2026-01-14T19:33:03.596+05:30  INFO 85397 --- [molla-pos-system] [nio-5001-exec-2] com.molla.configuration.SecurityConfig   : CORS Configuration - Request Origin: http://localhost:5173
2026-01-14T19:33:03.749+05:30  WARN 85397 --- [molla-pos-system] [nio-5001-exec-2] .m.m.a.ExceptionHandlerExceptionResolver : Resolved [org.springframework.web.bind.MethodArgumentNotValidException: Validation failed for argument [0] in public org.springframework.http.ResponseEntity<com.molla.payload.response.AuthResponse> com.molla.controllers.AuthController.loginHandler(com.molla.payload.dto.UserDto) throws com.molla.exceptions.UserException with 2 errors: [Field error in object 'userDto' on field 'fullName': rejected value [null]; codes [NotBlank.userDto.fullName,NotBlank.fullName,NotBlank.java.lang.String,NotBlank]; arguments [org.springframework.context.support.DefaultMessageSourceResolvable: codes [userDto.fullName,fullName]; arguments []; default message [fullName]]; default message [Full name is required]] [Field error in object 'userDto' on field 'role': rejected value [null]; codes [NotNull.userDto.role,NotNull.role,NotNull.com.molla.domain.UserRole,NotNull]; arguments [org.springframework.context.support.DefaultMessageSourceResolvable: codes [userDto.role,role]; arguments []; default message [role]]; default message [Role is required]] ]
2026-01-14T19:33:28.300+05:30  INFO 85397 --- [molla-pos-system] [nio-5001-exec-3] com.molla.configuration.SecurityConfig   : CORS Configuration - Allowed Origin Patterns: [http://localhost:5173, http://localhost:5174]
2026-01-14T19:33:28.301+05:30  INFO 85397 --- [molla-pos-system] [nio-5001-exec-3] com.molla.configuration.SecurityConfig   : CORS Configuration - Request Origin: http://localhost:5173
2026-01-14T19:33:28.311+05:30  INFO 85397 --- [molla-pos-system] [nio-5001-exec-4] com.molla.configuration.SecurityConfig   : CORS Configuration - Allowed Origin Patterns: [http://localhost:5173, http://localhost:5174]
2026-01-14T19:33:28.312+05:30  INFO 85397 --- [molla-pos-system] [nio-5001-exec-4] com.molla.configuration.SecurityConfig   : CORS Configuration - Request Origin: http://localhost:5173
Hibernate: 
    select
        u1_0.id,
        u1_0.branch_id,
        u1_0.created_at,
        u1_0.email,
        u1_0.full_name,
        u1_0.last_login_at,
        u1_0.password,
        u1_0.phone,
        u1_0.role,
        u1_0.store_id,
        u1_0.updated_at 
    from
        user u1_0 
    where
        u1_0.email=?
Hibernate: 
    insert 
    into
        user
        (branch_id, created_at, email, full_name, last_login_at, password, phone, role, store_id, updated_at) 
    values
        (?, ?, ?, ?, ?, ?, ?, ?, ?, ?)
2026-01-14T19:33:30.346+05:30  INFO 85397 --- [molla-pos-system] [nio-5001-exec-5] com.molla.configuration.SecurityConfig   : CORS Configuration - Allowed Origin Patterns: [http://localhost:5173, http://localhost:5174]
2026-01-14T19:33:30.347+05:30  INFO 85397 --- [molla-pos-system] [nio-5001-exec-5] com.molla.configuration.SecurityConfig   : CORS Configuration - Request Origin: http://localhost:5173
2026-01-14T19:33:30.361+05:30  INFO 85397 --- [molla-pos-system] [nio-5001-exec-6] com.molla.configuration.SecurityConfig   : CORS Configuration - Allowed Origin Patterns: [http://localhost:5173, http://localhost:5174]
2026-01-14T19:33:30.362+05:30  INFO 85397 --- [molla-pos-system] [nio-5001-exec-6] com.molla.configuration.SecurityConfig   : CORS Configuration - Request Origin: http://localhost:5173
2026-01-14T19:33:30.366+05:30  INFO 85397 --- [molla-pos-system] [nio-5001-exec-6] com.molla.configuration.SecurityConfig   : CORS Configuration - Allowed Origin Patterns: [http://localhost:5173, http://localhost:5174]
2026-01-14T19:33:30.366+05:30  INFO 85397 --- [molla-pos-system] [nio-5001-exec-6] com.molla.configuration.SecurityConfig   : CORS Configuration - Request Origin: http://localhost:5173
2026-01-14T19:33:30.367+05:30  INFO 85397 --- [molla-pos-system] [nio-5001-exec-8] com.molla.configuration.SecurityConfig   : CORS Configuration - Allowed Origin Patterns: [http://localhost:5173, http://localhost:5174]
2026-01-14T19:33:30.367+05:30  INFO 85397 --- [molla-pos-system] [nio-5001-exec-8] com.molla.configuration.SecurityConfig   : CORS Configuration - Request Origin: http://localhost:5173
2026-01-14T19:33:30.368+05:30  INFO 85397 --- [molla-pos-system] [nio-5001-exec-5] com.molla.configuration.SecurityConfig   : CORS Configuration - Allowed Origin Patterns: [http://localhost:5173, http://localhost:5174]
2026-01-14T19:33:30.368+05:30  INFO 85397 --- [molla-pos-system] [nio-5001-exec-5] com.molla.configuration.SecurityConfig   : CORS Configuration - Request Origin: http://localhost:5173
2026-01-14T19:33:30.368+05:30  INFO 85397 --- [molla-pos-system] [nio-5001-exec-9] com.molla.configuration.SecurityConfig   : CORS Configuration - Allowed Origin Patterns: [http://localhost:5173, http://localhost:5174]
2026-01-14T19:33:30.368+05:30  INFO 85397 --- [molla-pos-system] [nio-5001-exec-9] com.molla.configuration.SecurityConfig   : CORS Configuration - Request Origin: http://localhost:5173
2026-01-14T19:33:30.368+05:30  INFO 85397 --- [molla-pos-system] [nio-5001-exec-7] com.molla.configuration.SecurityConfig   : CORS Configuration - Allowed Origin Patterns: [http://localhost:5173, http://localhost:5174]
2026-01-14T19:33:30.370+05:30  INFO 85397 --- [molla-pos-system] [nio-5001-exec-7] com.molla.configuration.SecurityConfig   : CORS Configuration - Request Origin: http://localhost:5173
Hibernate: 
    select
        u1_0.id,
        u1_0.branch_id,
        u1_0.created_at,
        u1_0.email,
        u1_0.full_name,
        u1_0.last_login_at,
        u1_0.password,
        u1_0.phone,
        u1_0.role,
        u1_0.store_id,
        u1_0.updated_at 
    from
        user u1_0 
    where
        u1_0.email=?
2026-01-14T19:33:30.939+05:30  INFO 85397 --- [molla-pos-system] [nio-5001-exec-2] com.molla.configuration.SecurityConfig   : CORS Configuration - Allowed Origin Patterns: [http://localhost:5173, http://localhost:5174]
2026-01-14T19:33:30.939+05:30  INFO 85397 --- [molla-pos-system] [nio-5001-exec-2] com.molla.configuration.SecurityConfig   : CORS Configuration - Request Origin: http://localhost:5173
Hibernate: 
    select
        u1_0.id,
        u1_0.branch_id,
        u1_0.created_at,
        u1_0.email,
        u1_0.full_name,
        u1_0.last_login_at,
        u1_0.password,
        u1_0.phone,
        u1_0.role,
        u1_0.store_id,
        u1_0.updated_at 
    from
        user u1_0 
    where
        u1_0.email=?
2026-01-14T19:33:31.203+05:30  INFO 85397 --- [molla-pos-system] [nio-5001-exec-3] com.molla.configuration.SecurityConfig   : CORS Configuration - Allowed Origin Patterns: [http://localhost:5173, http://localhost:5174]
2026-01-14T19:33:31.203+05:30  INFO 85397 --- [molla-pos-system] [nio-5001-exec-3] com.molla.configuration.SecurityConfig   : CORS Configuration - Request Origin: http://localhost:5173
Hibernate: 
    select
        u1_0.id,
        u1_0.branch_id,
        u1_0.created_at,
        u1_0.email,
        u1_0.full_name,
        u1_0.last_login_at,
        u1_0.password,
        u1_0.phone,
        u1_0.role,
        u1_0.store_id,
        u1_0.updated_at 
    from
        user u1_0 
    where
        u1_0.email=?
2026-01-14T19:33:31.549+05:30  INFO 85397 --- [molla-pos-system] [nio-5001-exec-4] com.molla.configuration.SecurityConfig   : CORS Configuration - Allowed Origin Patterns: [http://localhost:5173, http://localhost:5174]
2026-01-14T19:33:31.549+05:30  INFO 85397 --- [molla-pos-system] [nio-5001-exec-4] com.molla.configuration.SecurityConfig   : CORS Configuration - Request Origin: http://localhost:5173
Hibernate: 
    select
        u1_0.id,
        u1_0.branch_id,
        u1_0.created_at,
        u1_0.email,
        u1_0.full_name,
        u1_0.last_login_at,
        u1_0.password,
        u1_0.phone,
        u1_0.role,
        u1_0.store_id,
        u1_0.updated_at 
    from
        user u1_0 
    where
        u1_0.email=?
2026-01-14T19:33:31.823+05:30  INFO 85397 --- [molla-pos-system] [io-5001-exec-10] com.molla.configuration.SecurityConfig   : CORS Configuration - Allowed Origin Patterns: [http://localhost:5173, http://localhost:5174]
2026-01-14T19:33:31.823+05:30  INFO 85397 --- [molla-pos-system] [io-5001-exec-10] com.molla.configuration.SecurityConfig   : CORS Configuration - Request Origin: http://localhost:5173
Hibernate: 
    select
        u1_0.id,
        u1_0.branch_id,
        u1_0.created_at,
        u1_0.email,
        u1_0.full_name,
        u1_0.last_login_at,
        u1_0.password,
        u1_0.phone,
        u1_0.role,
        u1_0.store_id,
        u1_0.updated_at 
    from
        user u1_0 
    where
        u1_0.email=?
2026-01-14T19:33:32.120+05:30  INFO 85397 --- [molla-pos-system] [nio-5001-exec-6] com.molla.configuration.SecurityConfig   : CORS Configuration - Allowed Origin Patterns: [http://localhost:5173, http://localhost:5174]
2026-01-14T19:33:32.120+05:30  INFO 85397 --- [molla-pos-system] [nio-5001-exec-6] com.molla.configuration.SecurityConfig   : CORS Configuration - Request Origin: http://localhost:5173
Hibernate: 
    select
        u1_0.id,
        u1_0.branch_id,
        u1_0.created_at,
        u1_0.email,
        u1_0.full_name,
        u1_0.last_login_at,
        u1_0.password,
        u1_0.phone,
        u1_0.role,
        u1_0.store_id,
        u1_0.updated_at 
    from
        user u1_0 
    where
        u1_0.email=?
2026-01-14T19:36:44.994+05:30  INFO 85397 --- [molla-pos-system] [nio-5001-exec-3] com.molla.configuration.SecurityConfig   : CORS Configuration - Allowed Origin Patterns: [http://localhost:5173, http://localhost:5174]
2026-01-14T19:36:45.008+05:30  INFO 85397 --- [molla-pos-system] [nio-5001-exec-3] com.molla.configuration.SecurityConfig   : CORS Configuration - Request Origin: http://localhost:5173
2026-01-14T19:36:45.030+05:30  INFO 85397 --- [molla-pos-system] [nio-5001-exec-4] com.molla.configuration.SecurityConfig   : CORS Configuration - Allowed Origin Patterns: [http://localhost:5173, http://localhost:5174]
2026-01-14T19:36:45.031+05:30  INFO 85397 --- [molla-pos-system] [nio-5001-exec-4] com.molla.configuration.SecurityConfig   : CORS Configuration - Request Origin: http://localhost:5173
2026-01-14T19:36:45.151+05:30  WARN 85397 --- [molla-pos-system] [nio-5001-exec-4] .m.m.a.ExceptionHandlerExceptionResolver : Resolved [org.springframework.web.bind.MethodArgumentNotValidException: Validation failed for argument [0] in public org.springframework.http.ResponseEntity<com.molla.payload.response.AuthResponse> com.molla.controllers.AuthController.loginHandler(com.molla.payload.dto.UserDto) throws com.molla.exceptions.UserException with 2 errors: [Field error in object 'userDto' on field 'fullName': rejected value [null]; codes [NotBlank.userDto.fullName,NotBlank.fullName,NotBlank.java.lang.String,NotBlank]; arguments [org.springframework.context.support.DefaultMessageSourceResolvable: codes [userDto.fullName,fullName]; arguments []; default message [fullName]]; default message [Full name is required]] [Field error in object 'userDto' on field 'role': rejected value [null]; codes [NotNull.userDto.role,NotNull.role,NotNull.com.molla.domain.UserRole,NotNull]; arguments [org.springframework.context.support.DefaultMessageSourceResolvable: codes [userDto.role,role]; arguments []; default message [role]]; default message [Role is required]] ]
2026-01-14T19:38:11.815+05:30  INFO 85397 --- [molla-pos-system] [io-5001-exec-10] com.molla.configuration.SecurityConfig   : CORS Configuration - Allowed Origin Patterns: [http://localhost:5173, http://localhost:5174]
2026-01-14T19:38:11.816+05:30  INFO 85397 --- [molla-pos-system] [io-5001-exec-10] com.molla.configuration.SecurityConfig   : CORS Configuration - Request Origin: http://localhost:5173
2026-01-14T19:38:11.822+05:30  INFO 85397 --- [molla-pos-system] [nio-5001-exec-6] com.molla.configuration.SecurityConfig   : CORS Configuration - Allowed Origin Patterns: [http://localhost:5173, http://localhost:5174]
2026-01-14T19:38:11.822+05:30  INFO 85397 --- [molla-pos-system] [nio-5001-exec-6] com.molla.configuration.SecurityConfig   : CORS Configuration - Request Origin: http://localhost:5173
2026-01-14T19:38:11.832+05:30  WARN 85397 --- [molla-pos-system] [nio-5001-exec-6] .m.m.a.ExceptionHandlerExceptionResolver : Resolved [org.springframework.web.bind.MethodArgumentNotValidException: Validation failed for argument [0] in public org.springframework.http.ResponseEntity<com.molla.payload.response.AuthResponse> com.molla.controllers.AuthController.loginHandler(com.molla.payload.dto.UserDto) throws com.molla.exceptions.UserException with 2 errors: [Field error in object 'userDto' on field 'role': rejected value [null]; codes [NotNull.userDto.role,NotNull.role,NotNull.com.molla.domain.UserRole,NotNull]; arguments [org.springframework.context.support.DefaultMessageSourceResolvable: codes [userDto.role,role]; arguments []; default message [role]]; default message [Role is required]] [Field error in object 'userDto' on field 'fullName': rejected value [null]; codes [NotBlank.userDto.fullName,NotBlank.fullName,NotBlank.java.lang.String,NotBlank]; arguments [org.springframework.context.support.DefaultMessageSourceResolvable: codes [userDto.fullName,fullName]; arguments []; default message [fullName]]; default message [Full name is required]] ]
2026-01-14T19:39:39.711+05:30  INFO 85397 --- [molla-pos-system] [   File Watcher] rtingClassPathChangeChangedEventListener : Restarting due to 116 class path changes (0 additions, 116 deletions, 0 modifications)
2026-01-14T19:39:39.888+05:30  INFO 85397 --- [molla-pos-system] [       Thread-7] o.s.b.w.e.tomcat.GracefulShutdown        : Commencing graceful shutdown. Waiting for active requests to complete
2026-01-14T19:39:39.909+05:30  INFO 85397 --- [molla-pos-system] [tomcat-shutdown] o.s.b.w.e.tomcat.GracefulShutdown        : Graceful shutdown complete
2026-01-14T19:39:39.967+05:30  INFO 85397 --- [molla-pos-system] [       Thread-7] j.LocalContainerEntityManagerFactoryBean : Closing JPA EntityManagerFactory for persistence unit 'default'
2026-01-14T19:39:40.026+05:30  INFO 85397 --- [molla-pos-system] [       Thread-7] com.zaxxer.hikari.HikariDataSource       : HikariPool-2 - Shutdown initiated...
2026-01-14T19:39:40.035+05:30  INFO 85397 --- [molla-pos-system] [       Thread-7] com.zaxxer.hikari.HikariDataSource       : HikariPool-2 - Shutdown completed.

  .   ____          _            __ _ _
 /\\ / ___'_ __ _ _(_)_ __  __ _ \ \ \ \
( ( )\___ | '_ | '_| | '_ \/ _` | \ \ \ \
 \\/  ___)| |_)| | | | | || (_| |  ) ) ) )
  '  |____| .__|_| |_|_| |_\__, | / / / /
 =========|_|==============|___/=/_/_/_/

 :: Spring Boot ::                (v3.5.9)

2026-01-14T19:39:40.834+05:30  INFO 85397 --- [molla-pos-system] [  restartedMain] com.molla.MollaPosSystemApplication      : Starting MollaPosSystemApplication using Java 17.0.17 with PID 85397 (/Users/mdkaif/Desktop/POS/molla-pos-system/target/classes started by mdkaif in /Users/mdkaif/Desktop/POS/molla-pos-system)
2026-01-14T19:39:40.834+05:30  INFO 85397 --- [molla-pos-system] [  restartedMain] com.molla.MollaPosSystemApplication      : No active profile set, falling back to 1 default profile: "default"
2026-01-14T19:39:41.733+05:30  INFO 85397 --- [molla-pos-system] [  restartedMain] .s.d.r.c.RepositoryConfigurationDelegate : Bootstrapping Spring Data JPA repositories in DEFAULT mode.
2026-01-14T19:39:41.738+05:30  INFO 85397 --- [molla-pos-system] [  restartedMain] .s.d.r.c.RepositoryConfigurationDelegate : Finished Spring Data repository scanning in 2 ms. Found 0 JPA repository interfaces.
2026-01-14T19:39:42.664+05:30  INFO 85397 --- [molla-pos-system] [  restartedMain] o.s.b.w.embedded.tomcat.TomcatWebServer  : Tomcat initialized with port 8080 (http)
2026-01-14T19:39:42.766+05:30  INFO 85397 --- [molla-pos-system] [  restartedMain] o.apache.catalina.core.StandardService   : Starting service [Tomcat]
2026-01-14T19:39:42.768+05:30  INFO 85397 --- [molla-pos-system] [  restartedMain] o.apache.catalina.core.StandardEngine    : Starting Servlet engine: [Apache Tomcat/10.1.50]
2026-01-14T19:39:42.861+05:30  INFO 85397 --- [molla-pos-system] [  restartedMain] o.a.c.c.C.[Tomcat].[localhost].[/]       : Initializing Spring embedded WebApplicationContext
2026-01-14T19:39:42.862+05:30  INFO 85397 --- [molla-pos-system] [  restartedMain] w.s.c.ServletWebServerApplicationContext : Root WebApplicationContext: initialization completed in 2022 ms
2026-01-14T19:39:43.139+05:30  INFO 85397 --- [molla-pos-system] [  restartedMain] com.zaxxer.hikari.HikariDataSource       : HikariPool-3 - Starting...
2026-01-14T19:39:46.147+05:30  INFO 85397 --- [molla-pos-system] [  restartedMain] com.zaxxer.hikari.pool.HikariPool        : HikariPool-3 - Added connection com.mysql.cj.jdbc.ConnectionImpl@155b06ca
2026-01-14T19:39:46.160+05:30  INFO 85397 --- [molla-pos-system] [  restartedMain] com.zaxxer.hikari.HikariDataSource       : HikariPool-3 - Start completed.
2026-01-14T19:39:46.221+05:30  INFO 85397 --- [molla-pos-system] [  restartedMain] o.hibernate.jpa.internal.util.LogHelper  : HHH000204: Processing PersistenceUnitInfo [name: default]
2026-01-14T19:39:46.231+05:30  INFO 85397 --- [molla-pos-system] [  restartedMain] o.h.c.internal.RegionFactoryInitiator    : HHH000026: Second-level cache disabled
2026-01-14T19:39:46.262+05:30  INFO 85397 --- [molla-pos-system] [  restartedMain] o.s.o.j.p.SpringPersistenceUnitInfo      : No LoadTimeWeaver setup: ignoring JPA class transformer
2026-01-14T19:39:46.673+05:30  INFO 85397 --- [molla-pos-system] [  restartedMain] org.hibernate.orm.connections.pooling    : HHH10001005: Database info:
	Database JDBC URL [Connecting through datasource 'HikariDataSource (HikariPool-3)']
	Database driver: undefined/unknown
	Database version: 9.4
	Autocommit mode: undefined/unknown
	Isolation level: undefined/unknown
	Minimum pool size: undefined/unknown
	Maximum pool size: undefined/unknown
2026-01-14T19:39:46.778+05:30  INFO 85397 --- [molla-pos-system] [  restartedMain] o.h.e.t.j.p.i.JtaPlatformInitiator       : HHH000489: No JTA platform available (set 'hibernate.transaction.jta.platform' to enable JTA platform integration)
2026-01-14T19:39:46.780+05:30  INFO 85397 --- [molla-pos-system] [  restartedMain] j.LocalContainerEntityManagerFactoryBean : Initialized JPA EntityManagerFactory for persistence unit 'default'
2026-01-14T19:39:46.975+05:30  WARN 85397 --- [molla-pos-system] [  restartedMain] JpaBaseConfiguration$JpaWebConfiguration : spring.jpa.open-in-view is enabled by default. Therefore, database queries may be performed during view rendering. Explicitly configure spring.jpa.open-in-view to disable this warning
2026-01-14T19:39:47.349+05:30  WARN 85397 --- [molla-pos-system] [  restartedMain] .s.s.UserDetailsServiceAutoConfiguration : 

Using generated security password: f8041019-2bc8-4c17-8780-11db31804af2

This generated password is for development use only. Your security configuration must be updated before running your application in production.

2026-01-14T19:39:47.354+05:30  INFO 85397 --- [molla-pos-system] [  restartedMain] r$InitializeUserDetailsManagerConfigurer : Global AuthenticationManager configured with UserDetailsService bean with name inMemoryUserDetailsManager
2026-01-14T19:39:47.469+05:30  INFO 85397 --- [molla-pos-system] [  restartedMain] o.s.b.d.a.OptionalLiveReloadServer       : LiveReload server is running on port 35729
2026-01-14T19:39:47.489+05:30  WARN 85397 --- [molla-pos-system] [  restartedMain] ConfigServletWebServerApplicationContext : Exception encountered during context initialization - cancelling refresh attempt: org.springframework.context.ApplicationContextException: Failed to start bean 'webServerStartStop'
2026-01-14T19:39:47.491+05:30  INFO 85397 --- [molla-pos-system] [  restartedMain] j.LocalContainerEntityManagerFactoryBean : Closing JPA EntityManagerFactory for persistence unit 'default'
2026-01-14T19:39:47.494+05:30  INFO 85397 --- [molla-pos-system] [  restartedMain] com.zaxxer.hikari.HikariDataSource       : HikariPool-3 - Shutdown initiated...
2026-01-14T19:39:48.143+05:30  INFO 85397 --- [molla-pos-system] [  restartedMain] com.zaxxer.hikari.HikariDataSource       : HikariPool-3 - Shutdown completed.
2026-01-14T19:39:48.156+05:30  INFO 85397 --- [molla-pos-system] [  restartedMain] .s.b.a.l.ConditionEvaluationReportLogger : 

Error starting ApplicationContext. To display the condition evaluation report re-run your application with 'debug' enabled.
2026-01-14T19:39:48.186+05:30 ERROR 85397 --- [molla-pos-system] [  restartedMain] o.s.b.d.LoggingFailureAnalysisReporter   : 

***************************
APPLICATION FAILED TO START
***************************

Description:

Web server failed to start. Port 8080 was already in use.

Action:

Identify and stop the process that's listening on port 8080 or configure this application to listen on another port.


  .   ____          _            __ _ _
 /\\ / ___'_ __ _ _(_)_ __  __ _ \ \ \ \
( ( )\___ | '_ | '_| | '_ \/ _` | \ \ \ \
 \\/  ___)| |_)| | | | | || (_| |  ) ) ) )
  '  |____| .__|_| |_|_| |_\__, | / / / /
 =========|_|==============|___/=/_/_/_/

 :: Spring Boot ::                (v3.5.9)

2026-01-14T19:40:28.255+05:30  INFO 85397 --- [molla-pos-system] [  restartedMain] com.molla.MollaPosSystemApplication      : Starting MollaPosSystemApplication using Java 17.0.17 with PID 85397 (/Users/mdkaif/Desktop/POS/molla-pos-system/target/classes started by mdkaif in /Users/mdkaif/Desktop/POS/molla-pos-system)
2026-01-14T19:40:28.256+05:30  INFO 85397 --- [molla-pos-system] [  restartedMain] com.molla.MollaPosSystemApplication      : No active profile set, falling back to 1 default profile: "default"
2026-01-14T19:40:28.770+05:30  INFO 85397 --- [molla-pos-system] [  restartedMain] .s.d.r.c.RepositoryConfigurationDelegate : Bootstrapping Spring Data JPA repositories in DEFAULT mode.
2026-01-14T19:40:28.773+05:30  INFO 85397 --- [molla-pos-system] [  restartedMain] .s.d.r.c.RepositoryConfigurationDelegate : Finished Spring Data repository scanning in 0 ms. Found 0 JPA repository interfaces.
2026-01-14T19:40:29.004+05:30  INFO 85397 --- [molla-pos-system] [  restartedMain] o.s.b.w.embedded.tomcat.TomcatWebServer  : Tomcat initialized with port 5001 (http)
2026-01-14T19:40:29.009+05:30  INFO 85397 --- [molla-pos-system] [  restartedMain] o.apache.catalina.core.StandardService   : Starting service [Tomcat]
2026-01-14T19:40:29.009+05:30  INFO 85397 --- [molla-pos-system] [  restartedMain] o.apache.catalina.core.StandardEngine    : Starting Servlet engine: [Apache Tomcat/10.1.50]
2026-01-14T19:40:29.028+05:30  INFO 85397 --- [molla-pos-system] [  restartedMain] o.a.c.c.C.[Tomcat-1].[localhost].[/]     : Initializing Spring embedded WebApplicationContext
2026-01-14T19:40:29.029+05:30  INFO 85397 --- [molla-pos-system] [  restartedMain] w.s.c.ServletWebServerApplicationContext : Root WebApplicationContext: initialization completed in 761 ms
2026-01-14T19:40:29.174+05:30  INFO 85397 --- [molla-pos-system] [  restartedMain] o.hibernate.jpa.internal.util.LogHelper  : HHH000204: Processing PersistenceUnitInfo [name: default]
2026-01-14T19:40:29.188+05:30  INFO 85397 --- [molla-pos-system] [  restartedMain] o.h.c.internal.RegionFactoryInitiator    : HHH000026: Second-level cache disabled
2026-01-14T19:40:29.223+05:30  INFO 85397 --- [molla-pos-system] [  restartedMain] o.s.o.j.p.SpringPersistenceUnitInfo      : No LoadTimeWeaver setup: ignoring JPA class transformer
2026-01-14T19:40:29.226+05:30  INFO 85397 --- [molla-pos-system] [  restartedMain] com.zaxxer.hikari.HikariDataSource       : HikariPool-4 - Starting...
2026-01-14T19:40:33.325+05:30  INFO 85397 --- [molla-pos-system] [  restartedMain] com.zaxxer.hikari.pool.HikariPool        : HikariPool-4 - Added connection com.mysql.cj.jdbc.ConnectionImpl@7d75cc80
2026-01-14T19:40:33.328+05:30  INFO 85397 --- [molla-pos-system] [  restartedMain] com.zaxxer.hikari.HikariDataSource       : HikariPool-4 - Start completed.
2026-01-14T19:40:33.590+05:30  WARN 85397 --- [molla-pos-system] [  restartedMain] org.hibernate.orm.deprecation            : HHH90000025: MySQLDialect does not need to be specified explicitly using 'hibernate.dialect' (remove the property setting and it will be selected by default)
2026-01-14T19:40:33.591+05:30  INFO 85397 --- [molla-pos-system] [  restartedMain] org.hibernate.orm.connections.pooling    : HHH10001005: Database info:
	Database JDBC URL [Connecting through datasource 'HikariDataSource (HikariPool-4)']
	Database driver: undefined/unknown
	Database version: 9.4
	Autocommit mode: undefined/unknown
	Isolation level: undefined/unknown
	Minimum pool size: undefined/unknown
	Maximum pool size: undefined/unknown
2026-01-14T19:40:33.662+05:30  INFO 85397 --- [molla-pos-system] [  restartedMain] o.h.e.t.j.p.i.JtaPlatformInitiator       : HHH000489: No JTA platform available (set 'hibernate.transaction.jta.platform' to enable JTA platform integration)
2026-01-14T19:40:33.662+05:30  INFO 85397 --- [molla-pos-system] [  restartedMain] j.LocalContainerEntityManagerFactoryBean : Initialized JPA EntityManagerFactory for persistence unit 'default'
2026-01-14T19:40:33.862+05:30  WARN 85397 --- [molla-pos-system] [  restartedMain] JpaBaseConfiguration$JpaWebConfiguration : spring.jpa.open-in-view is enabled by default. Therefore, database queries may be performed during view rendering. Explicitly configure spring.jpa.open-in-view to disable this warning
2026-01-14T19:40:34.230+05:30  WARN 85397 --- [molla-pos-system] [  restartedMain] .s.s.UserDetailsServiceAutoConfiguration : 

Using generated security password: 149c08a5-f802-4451-a02b-9b2b7008d5d7

This generated password is for development use only. Your security configuration must be updated before running your application in production.

2026-01-14T19:40:34.232+05:30  INFO 85397 --- [molla-pos-system] [  restartedMain] r$InitializeUserDetailsManagerConfigurer : Global AuthenticationManager configured with UserDetailsService bean with name inMemoryUserDetailsManager
2026-01-14T19:40:34.332+05:30  INFO 85397 --- [molla-pos-system] [  restartedMain] o.s.b.d.a.OptionalLiveReloadServer       : LiveReload server is running on port 35729
2026-01-14T19:40:34.355+05:30  INFO 85397 --- [molla-pos-system] [  restartedMain] o.s.b.w.embedded.tomcat.TomcatWebServer  : Tomcat started on port 5001 (http) with context path '/'
2026-01-14T19:40:34.369+05:30  INFO 85397 --- [molla-pos-system] [  restartedMain] com.molla.MollaPosSystemApplication      : Started MollaPosSystemApplication in 6.265 seconds (process running for 602.584)
2026-01-14T19:40:34.382+05:30  INFO 85397 --- [molla-pos-system] [  restartedMain] .ConditionEvaluationDeltaLoggingListener : Condition evaluation delta:


==========================
CONDITION EVALUATION DELTA
==========================


Positive matches:
-----------------

   DataSourceAutoConfiguration.PooledDataSourceConfiguration matched:
      - AnyNestedCondition 1 matched 1 did not; NestedCondition on DataSourceAutoConfiguration.PooledDataSourceCondition.PooledDataSourceAvailable PooledDataSource found supported DataSource; NestedCondition on DataSourceAutoConfiguration.PooledDataSourceCondition.ExplicitType @ConditionalOnProperty (spring.datasource.type) did not find property 'spring.datasource.type' (DataSourceAutoConfiguration.PooledDataSourceCondition)
      - @ConditionalOnMissingBean (types: javax.sql.DataSource,javax.sql.XADataSource; SearchStrategy: all) did not find any beans (OnBeanCondition)

   DataSourceAutoConfiguration.PooledDataSourceConfiguration#jdbcConnectionDetails matched:
      - @ConditionalOnMissingBean (types: org.springframework.boot.autoconfigure.jdbc.JdbcConnectionDetails; SearchStrategy: all) did not find any beans (OnBeanCondition)

   DevToolsDataSourceAutoConfiguration matched:
      - @ConditionalOnClass found required class 'javax.sql.DataSource' (OnClassCondition)
      - Devtools devtools enabled. (OnEnabledDevToolsCondition)
      - DevTools DataSource Condition found auto-configured DataSource (DevToolsDataSourceAutoConfiguration.DevToolsDataSourceCondition)

   DevToolsDataSourceAutoConfiguration.DatabaseShutdownExecutorEntityManagerFactoryDependsOnPostProcessor matched:
      - @ConditionalOnClass found required class 'org.springframework.orm.jpa.LocalContainerEntityManagerFactoryBean' (OnClassCondition)
      - @ConditionalOnBean (types: org.springframework.orm.jpa.AbstractEntityManagerFactoryBean; SearchStrategy: all) found bean '&entityManagerFactory' (OnBeanCondition)

   SpringBootWebSecurityConfiguration.SecurityFilterChainConfiguration matched:
      - AllNestedConditions 2 matched 0 did not; NestedCondition on DefaultWebSecurityCondition.Beans @ConditionalOnMissingBean (types: org.springframework.security.web.SecurityFilterChain; SearchStrategy: all) did not find any beans; NestedCondition on DefaultWebSecurityCondition.Classes @ConditionalOnClass found required classes 'org.springframework.security.web.SecurityFilterChain', 'org.springframework.security.config.annotation.web.builders.HttpSecurity' (DefaultWebSecurityCondition)

   UserDetailsServiceAutoConfiguration matched:
      - @ConditionalOnClass found required class 'org.springframework.security.authentication.AuthenticationManager' (OnClassCondition)
      - found 'session' scope (OnWebApplicationCondition)
      - AnyNestedCondition 1 matched 2 did not; NestedCondition on UserDetailsServiceAutoConfiguration.MissingAlternativeOrUserPropertiesConfigured.PasswordConfigured @ConditionalOnProperty (spring.security.user.password) did not find property 'spring.security.user.password'; NestedCondition on UserDetailsServiceAutoConfiguration.MissingAlternativeOrUserPropertiesConfigured.NameConfigured @ConditionalOnProperty (spring.security.user.name) did not find property 'spring.security.user.name'; NestedCondition on UserDetailsServiceAutoConfiguration.MissingAlternativeOrUserPropertiesConfigured.MissingAlternative @ConditionalOnMissingClass did not find unwanted classes 'org.springframework.security.oauth2.client.registration.ClientRegistrationRepository', 'org.springframework.security.oauth2.server.resource.introspection.OpaqueTokenIntrospector', 'org.springframework.security.saml2.provider.service.registration.RelyingPartyRegistrationRepository' (UserDetailsServiceAutoConfiguration.MissingAlternativeOrUserPropertiesConfigured)
      - @ConditionalOnBean (types: org.springframework.security.config.ObjectPostProcessor; SearchStrategy: all) found beans 'objectPostProcessor', 'webAuthorizationManagerPostProcessor', 'filterChainDecoratorPostProcessor', 'authenticationManagerPostProcessor'; @ConditionalOnMissingBean (types: org.springframework.security.authentication.AuthenticationManager,org.springframework.security.authentication.AuthenticationProvider,org.springframework.security.core.userdetails.UserDetailsService,org.springframework.security.authentication.AuthenticationManagerResolver,?; SearchStrategy: all) did not find any beans (OnBeanCondition)


Negative matches:
-----------------

    None


Exclusions:
-----------

    None


Unconditional classes:
----------------------

    None



2026-01-14T19:40:35.761+05:30  INFO 85397 --- [molla-pos-system] [   File Watcher] rtingClassPathChangeChangedEventListener : Restarting due to 115 class path changes (115 additions, 0 deletions, 0 modifications)
2026-01-14T19:40:35.771+05:30  INFO 85397 --- [molla-pos-system] [      Thread-11] o.s.b.w.e.tomcat.GracefulShutdown        : Commencing graceful shutdown. Waiting for active requests to complete
2026-01-14T19:40:35.777+05:30  INFO 85397 --- [molla-pos-system] [tomcat-shutdown] o.s.b.w.e.tomcat.GracefulShutdown        : Graceful shutdown complete
2026-01-14T19:40:35.781+05:30  INFO 85397 --- [molla-pos-system] [      Thread-11] j.LocalContainerEntityManagerFactoryBean : Closing JPA EntityManagerFactory for persistence unit 'default'
2026-01-14T19:40:35.783+05:30  INFO 85397 --- [molla-pos-system] [      Thread-11] com.zaxxer.hikari.HikariDataSource       : HikariPool-4 - Shutdown initiated...
2026-01-14T19:40:37.760+05:30  INFO 85397 --- [molla-pos-system] [      Thread-11] com.zaxxer.hikari.HikariDataSource       : HikariPool-4 - Shutdown completed.

  .   ____          _            __ _ _
 /\\ / ___'_ __ _ _(_)_ __  __ _ \ \ \ \
( ( )\___ | '_ | '_| | '_ \/ _` | \ \ \ \
 \\/  ___)| |_)| | | | | || (_| |  ) ) ) )
  '  |____| .__|_| |_|_| |_\__, | / / / /
 =========|_|==============|___/=/_/_/_/

 :: Spring Boot ::                (v3.5.9)

2026-01-14T19:40:38.059+05:30  INFO 85397 --- [molla-pos-system] [  restartedMain] com.molla.MollaPosSystemApplication      : Starting MollaPosSystemApplication using Java 17.0.17 with PID 85397 (/Users/mdkaif/Desktop/POS/molla-pos-system/target/classes started by mdkaif in /Users/mdkaif/Desktop/POS/molla-pos-system)
2026-01-14T19:40:38.059+05:30  INFO 85397 --- [molla-pos-system] [  restartedMain] com.molla.MollaPosSystemApplication      : No active profile set, falling back to 1 default profile: "default"
2026-01-14T19:40:38.250+05:30  INFO 85397 --- [molla-pos-system] [  restartedMain] .s.d.r.c.RepositoryConfigurationDelegate : Bootstrapping Spring Data JPA repositories in DEFAULT mode.
2026-01-14T19:40:38.274+05:30  INFO 85397 --- [molla-pos-system] [  restartedMain] .s.d.r.c.RepositoryConfigurationDelegate : Finished Spring Data repository scanning in 22 ms. Found 10 JPA repository interfaces.
2026-01-14T19:40:38.393+05:30  INFO 85397 --- [molla-pos-system] [  restartedMain] o.s.b.w.embedded.tomcat.TomcatWebServer  : Tomcat initialized with port 5001 (http)
2026-01-14T19:40:38.394+05:30  INFO 85397 --- [molla-pos-system] [  restartedMain] o.apache.catalina.core.StandardService   : Starting service [Tomcat]
2026-01-14T19:40:38.394+05:30  INFO 85397 --- [molla-pos-system] [  restartedMain] o.apache.catalina.core.StandardEngine    : Starting Servlet engine: [Apache Tomcat/10.1.50]
2026-01-14T19:40:38.403+05:30  INFO 85397 --- [molla-pos-system] [  restartedMain] o.a.c.c.C.[Tomcat-1].[localhost].[/]     : Initializing Spring embedded WebApplicationContext
2026-01-14T19:40:38.403+05:30  INFO 85397 --- [molla-pos-system] [  restartedMain] w.s.c.ServletWebServerApplicationContext : Root WebApplicationContext: initialization completed in 343 ms
2026-01-14T19:40:38.438+05:30  INFO 85397 --- [molla-pos-system] [  restartedMain] com.molla.configuration.DatabaseConfig   : === Database Configuration Debug ===
2026-01-14T19:40:38.439+05:30  INFO 85397 --- [molla-pos-system] [  restartedMain] com.molla.configuration.DatabaseConfig   : MYSQLDATABASE_URL: NOT SET
2026-01-14T19:40:38.439+05:30  INFO 85397 --- [molla-pos-system] [  restartedMain] com.molla.configuration.DatabaseConfig   : MYSQLHOST: NOT SET
2026-01-14T19:40:38.439+05:30  INFO 85397 --- [molla-pos-system] [  restartedMain] com.molla.configuration.DatabaseConfig   : MYSQLDATABASE: NOT SET
2026-01-14T19:40:38.439+05:30  INFO 85397 --- [molla-pos-system] [  restartedMain] com.molla.configuration.DatabaseConfig   : MYSQLUSER: NOT SET
2026-01-14T19:40:38.439+05:30  INFO 85397 --- [molla-pos-system] [  restartedMain] com.molla.configuration.DatabaseConfig   : Using SPRING_DATASOURCE_URL from environment
2026-01-14T19:40:38.442+05:30  INFO 85397 --- [molla-pos-system] [  restartedMain] com.molla.configuration.DatabaseConfig   : Creating DataSource with URL: jdbc:mysql://interchange.proxy.rlwy.net:18066/railway?useSSL=false&allowPublicKeyRetrieval=true&serverTimezone=UTC
2026-01-14T19:40:38.468+05:30  INFO 85397 --- [molla-pos-system] [  restartedMain] o.hibernate.jpa.internal.util.LogHelper  : HHH000204: Processing PersistenceUnitInfo [name: default]
2026-01-14T19:40:38.469+05:30  INFO 85397 --- [molla-pos-system] [  restartedMain] o.h.c.internal.RegionFactoryInitiator    : HHH000026: Second-level cache disabled
2026-01-14T19:40:38.474+05:30  INFO 85397 --- [molla-pos-system] [  restartedMain] o.s.o.j.p.SpringPersistenceUnitInfo      : No LoadTimeWeaver setup: ignoring JPA class transformer
2026-01-14T19:40:38.474+05:30  INFO 85397 --- [molla-pos-system] [  restartedMain] com.zaxxer.hikari.HikariDataSource       : HikariPool-5 - Starting...
2026-01-14T19:40:41.345+05:30  INFO 85397 --- [molla-pos-system] [  restartedMain] com.zaxxer.hikari.pool.HikariPool        : HikariPool-5 - Added connection com.mysql.cj.jdbc.ConnectionImpl@4ae52d9b
2026-01-14T19:40:41.347+05:30  INFO 85397 --- [molla-pos-system] [  restartedMain] com.zaxxer.hikari.HikariDataSource       : HikariPool-5 - Start completed.
2026-01-14T19:40:41.607+05:30  WARN 85397 --- [molla-pos-system] [  restartedMain] org.hibernate.orm.deprecation            : HHH90000025: MySQLDialect does not need to be specified explicitly using 'hibernate.dialect' (remove the property setting and it will be selected by default)
2026-01-14T19:40:41.608+05:30  INFO 85397 --- [molla-pos-system] [  restartedMain] org.hibernate.orm.connections.pooling    : HHH10001005: Database info:
	Database JDBC URL [Connecting through datasource 'HikariDataSource (HikariPool-5)']
	Database driver: undefined/unknown
	Database version: 9.4
	Autocommit mode: undefined/unknown
	Isolation level: undefined/unknown
	Minimum pool size: undefined/unknown
	Maximum pool size: undefined/unknown
2026-01-14T19:40:41.933+05:30  INFO 85397 --- [molla-pos-system] [  restartedMain] o.h.e.t.j.p.i.JtaPlatformInitiator       : HHH000489: No JTA platform available (set 'hibernate.transaction.jta.platform' to enable JTA platform integration)
2026-01-14T19:41:00.671+05:30  INFO 85397 --- [molla-pos-system] [  restartedMain] j.LocalContainerEntityManagerFactoryBean : Initialized JPA EntityManagerFactory for persistence unit 'default'
2026-01-14T19:41:01.040+05:30  WARN 85397 --- [molla-pos-system] [  restartedMain] JpaBaseConfiguration$JpaWebConfiguration : spring.jpa.open-in-view is enabled by default. Therefore, database queries may be performed during view rendering. Explicitly configure spring.jpa.open-in-view to disable this warning
2026-01-14T19:41:01.061+05:30  INFO 85397 --- [molla-pos-system] [  restartedMain] r$InitializeUserDetailsManagerConfigurer : Global AuthenticationManager configured with UserDetailsService bean with name customUserImplementation
2026-01-14T19:41:01.350+05:30  INFO 85397 --- [molla-pos-system] [  restartedMain] o.s.b.d.a.OptionalLiveReloadServer       : LiveReload server is running on port 35729
2026-01-14T19:41:01.369+05:30  INFO 85397 --- [molla-pos-system] [  restartedMain] o.s.b.w.embedded.tomcat.TomcatWebServer  : Tomcat started on port 5001 (http) with context path '/'
2026-01-14T19:41:01.374+05:30  INFO 85397 --- [molla-pos-system] [  restartedMain] com.molla.MollaPosSystemApplication      : Started MollaPosSystemApplication in 23.331 seconds (process running for 629.588)
2026-01-14T19:41:01.380+05:30  INFO 85397 --- [molla-pos-system] [  restartedMain] .ConditionEvaluationDeltaLoggingListener : Condition evaluation delta:


==========================
CONDITION EVALUATION DELTA
==========================


Positive matches:
-----------------

    None


Negative matches:
-----------------

   DataSourceAutoConfiguration.PooledDataSourceConfiguration:
      Did not match:
         - @ConditionalOnMissingBean (types: javax.sql.DataSource,javax.sql.XADataSource; SearchStrategy: all) found beans of type 'javax.sql.DataSource' dataSource (OnBeanCondition)
      Matched:
         - AnyNestedCondition 1 matched 1 did not; NestedCondition on DataSourceAutoConfiguration.PooledDataSourceCondition.PooledDataSourceAvailable PooledDataSource found supported DataSource; NestedCondition on DataSourceAutoConfiguration.PooledDataSourceCondition.ExplicitType @ConditionalOnProperty (spring.datasource.type) did not find property 'spring.datasource.type' (DataSourceAutoConfiguration.PooledDataSourceCondition)

   DevToolsDataSourceAutoConfiguration:
      Did not match:
         - DevTools DataSource Condition did not find a single DataSourceProperties bean (DevToolsDataSourceAutoConfiguration.DevToolsDataSourceCondition)
      Matched:
         - @ConditionalOnClass found required class 'javax.sql.DataSource' (OnClassCondition)
         - Devtools devtools enabled. (OnEnabledDevToolsCondition)

   DevToolsDataSourceAutoConfiguration.DatabaseShutdownExecutorEntityManagerFactoryDependsOnPostProcessor:
      Did not match:
         - Ancestor org.springframework.boot.devtools.autoconfigure.DevToolsDataSourceAutoConfiguration did not match (ConditionEvaluationReport.AncestorsMatchedCondition)
      Matched:
         - @ConditionalOnClass found required class 'org.springframework.orm.jpa.LocalContainerEntityManagerFactoryBean' (OnClassCondition)

   MailService:
      Did not match:
         - @ConditionalOnProperty (spring.mail.host) did not find property 'host' (OnPropertyCondition)

   SpringBootWebSecurityConfiguration.SecurityFilterChainConfiguration:
      Did not match:
         - AllNestedConditions 1 matched 1 did not; NestedCondition on DefaultWebSecurityCondition.Beans @ConditionalOnMissingBean (types: org.springframework.security.web.SecurityFilterChain; SearchStrategy: all) found beans of type 'org.springframework.security.web.SecurityFilterChain' securityFilterChain; NestedCondition on DefaultWebSecurityCondition.Classes @ConditionalOnClass found required classes 'org.springframework.security.web.SecurityFilterChain', 'org.springframework.security.config.annotation.web.builders.HttpSecurity' (DefaultWebSecurityCondition)

   UserDetailsServiceAutoConfiguration:
      Did not match:
         - @ConditionalOnMissingBean (types: org.springframework.security.authentication.AuthenticationManager,org.springframework.security.authentication.AuthenticationProvider,org.springframework.security.core.userdetails.UserDetailsService,org.springframework.security.authentication.AuthenticationManagerResolver,?; SearchStrategy: all) found beans of type 'org.springframework.security.core.userdetails.UserDetailsService' customUserImplementation (OnBeanCondition)
      Matched:
         - @ConditionalOnClass found required class 'org.springframework.security.authentication.AuthenticationManager' (OnClassCondition)
         - found 'session' scope (OnWebApplicationCondition)
         - AnyNestedCondition 1 matched 2 did not; NestedCondition on UserDetailsServiceAutoConfiguration.MissingAlternativeOrUserPropertiesConfigured.PasswordConfigured @ConditionalOnProperty (spring.security.user.password) did not find property 'spring.security.user.password'; NestedCondition on UserDetailsServiceAutoConfiguration.MissingAlternativeOrUserPropertiesConfigured.NameConfigured @ConditionalOnProperty (spring.security.user.name) did not find property 'spring.security.user.name'; NestedCondition on UserDetailsServiceAutoConfiguration.MissingAlternativeOrUserPropertiesConfigured.MissingAlternative @ConditionalOnMissingClass did not find unwanted classes 'org.springframework.security.oauth2.client.registration.ClientRegistrationRepository', 'org.springframework.security.oauth2.server.resource.introspection.OpaqueTokenIntrospector', 'org.springframework.security.saml2.provider.service.registration.RelyingPartyRegistrationRepository' (UserDetailsServiceAutoConfiguration.MissingAlternativeOrUserPropertiesConfigured)


Exclusions:
-----------

    None


Unconditional classes:
----------------------

    None



[INFO] ------------------------------------------------------------------------
[INFO] BUILD FAILURE
[INFO] ------------------------------------------------------------------------
[INFO] Total time:  23:03 min
[INFO] Finished at: 2026-01-14T19:53:34+05:30
[INFO] ------------------------------------------------------------------------
[ERROR] Failed to execute goal org.springframework.boot:spring-boot-maven-plugin:3.5.9:run (default-cli) on project molla-pos-system: Process terminated with exit code: 137 -> [Help 1]
[ERROR] 
[ERROR] To see the full stack trace of the errors, re-run Maven with the -e switch.
[ERROR] Re-run Maven using the -X switch to enable full debug logging.
[ERROR] 
[ERROR] For more information about the errors and possible solutions, please read the following articles:
[ERROR] [Help 1] http://cwiki.apache.org/confluence/display/MAVEN/MojoExecutionException
